#
# There is insufficient memory for the Java Runtime Environment to continue.
# Native memory allocation (mmap) failed to map 134217728 bytes for G1 virtual space
# Possible reasons:
#   The system is out of physical RAM or swap space
#   The process is running with CompressedOops enabled, and the Java Heap may be blocking the growth of the native heap
# Possible solutions:
#   Reduce memory load on the system
#   Increase physical memory or swap space
#   Check if swap backing store is full
#   Decrease Java heap size (-Xmx/-Xms)
#   Decrease number of Java threads
#   Decrease Java thread stack sizes (-Xss)
#   Set larger code cache with -XX:ReservedCodeCacheSize=
#   JVM is running with Unscaled Compressed Oops mode in which the Java heap is
#     placed in the first 4GB address space. The Java Heap base address is the
#     maximum limit for the native heap growth. Please use -XX:HeapBaseMinAddress
#     to set the Java Heap base and to place the Java Heap above 4GB virtual address.
# This output file may be truncated or incomplete.
#
#  Out of Memory Error (os_windows.cpp:3825), pid=8428, tid=2732
#
# JRE version:  (17.0.10) (build )
# Java VM: OpenJDK 64-Bit Server VM (17.0.10+0--11572160, mixed mode, sharing, tiered, compressed oops, compressed class ptrs, g1 gc, windows-amd64)
# No core dump will be written. Minidumps are not enabled by default on client versions of Windows
#

---------------  S U M M A R Y ------------

Command Line: git4idea.http.GitAskPassApp Username for 'https://github.com': 

Host: Intel(R) Core(TM) i5-8300H CPU @ 2.30GHz, 8 cores, 7G,  Windows 10 , 64 bit Build 19041 (10.0.19041.4597)
Time: Tue Jul 23 17:45:16 2024 RTZ 2 (s 10 , 64 bit Build 19041 (10.0.19041.4597) elapsed time: 0.031792 seconds (0d 0h 0m 0s)

---------------  T H R E A D  ---------------

Current thread (0x000001aabacf2800):  JavaThread "Unknown thread" [_thread_in_vm, id=2732, stack(0x0000004a14e00000,0x0000004a14f00000)]

Stack: [0x0000004a14e00000,0x0000004a14f00000]
Native frames: (J=compiled Java code, j=interpreted, Vv=VM code, C=native code)
V  [jvm.dll+0x688e89]
V  [jvm.dll+0x84247a]
V  [jvm.dll+0x8440be]
V  [jvm.dll+0x844723]
V  [jvm.dll+0x24be0f]
V  [jvm.dll+0x685c59]
V  [jvm.dll+0x67a50a]
V  [jvm.dll+0x30cbab]
V  [jvm.dll+0x314056]
V  [jvm.dll+0x363dce]
V  [jvm.dll+0x363fff]
V  [jvm.dll+0x2e2978]
V  [jvm.dll+0x2e38e4]
V  [jvm.dll+0x813011]
V  [jvm.dll+0x371c81]
V  [jvm.dll+0x7f1b66]
V  [jvm.dll+0x3f58df]
V  [jvm.dll+0x3f7511]
C  [jli.dll+0x528f]
C  [ucrtbase.dll+0x21bb2]
C  [KERNEL32.DLL+0x17374]
C  [ntdll.dll+0x4cc91]


---------------  P R O C E S S  ---------------

Threads class SMR info:
_java_thread_list=0x00007fff89ecef58, length=0, elements={
}

Java Threads: ( => current thread )

Other Threads:
  0x000001aabad4a3e0 GCTaskThread "GC Thread#0" [stack: 0x0000004a14f00000,0x0000004a15000000] [id=13716]
  0x000001aabad5b620 ConcurrentGCThread "G1 Main Marker" [stack: 0x0000004a15000000,0x0000004a15100000] [id=2604]
  0x000001aabad5bf50 ConcurrentGCThread "G1 Conc#0" [stack: 0x0000004a15100000,0x0000004a15200000] [id=13348]

[error occurred during error reporting (printing all threads), id 0xc0000005, EXCEPTION_ACCESS_VIOLATION (0xc0000005) at pc=0x00007fff89683547]

VM state: not at safepoint (not fully initialized)

VM Mutex/Monitor currently owned by a thread:  ([mutex/lock_event])
[0x000001aabacf24f0] Heap_lock - owner thread: 0x000001aabacf2800

Heap address: 0x0000000081e00000, size: 2018 MB, Compressed Oops mode: 32-bit

CDS archive(s) mapped at: [0x0000000000000000-0x0000000000000000-0x0000000000000000), size 0, SharedBaseAddress: 0x0000000800000000, ArchiveRelocationMode: 1.
Narrow klass base: 0x0000000000000000, Narrow klass shift: 0, Narrow klass range: 0x0

GC Precious Log:
<Empty>

Heap:
 garbage-first heap   total 0K, used 0K [0x0000000081e00000, 0x0000000100000000)
  region size 1024K, 0 young (0K), 0 survivors (0K)
 Metaspace       used 0K, committed 0K, reserved 0K
  class space    used 0K, committed 0K, reserved 0K

Heap Regions: E=young(eden), S=young(survivor), O=old, HS=humongous(starts), HC=humongous(continues), CS=collection set, F=free, OA=open archive, CA=closed archive, TAMS=top-at-mark-start (previous, next)

Card table byte_map: [0x000001aacd900000,0x000001aacdd00000] _byte_map_base: 0x000001aacd4f1000

Marking Bits (Prev, Next): (CMBitMap*) 0x000001aabad4a910, (CMBitMap*) 0x000001aabad4a950
 Prev Bits: [0x000001aace100000, 0x000001aad0088000)
 Next Bits: [0x000001aad0090000, 0x000001aad2018000)

GC Heap History (0 events):
No events

Dll operation events (1 events):
Event: 0.010 Loaded shared library D:\androidd\jbr\bin\java.dll

Deoptimization events (0 events):
No events

Classes unloaded (0 events):
No events

Classes redefined (0 events):
No events

Internal exceptions (0 events):
No events

VM Operations (0 events):
No events

Events (0 events):
No events


Dynamic libraries:
0x00007ff6d8080000 - 0x00007ff6d808a000 	D:\androidd\jbr\bin\java.exe
0x00007fffd39d0000 - 0x00007fffd3bc8000 	C:\WINDOWS\SYSTEM32\ntdll.dll
0x00007fffd2f20000 - 0x00007fffd2fe1000 	C:\WINDOWS\System32\KERNEL32.DLL
0x00007fffd11a0000 - 0x00007fffd1496000 	C:\WINDOWS\System32\KERNELBASE.dll
0x00007fffd17f0000 - 0x00007fffd18f0000 	C:\WINDOWS\System32\ucrtbase.dll
0x00007fffb55c0000 - 0x00007fffb55db000 	D:\androidd\jbr\bin\VCRUNTIME140.dll
0x00007fffb9390000 - 0x00007fffb93a7000 	D:\androidd\jbr\bin\jli.dll
0x00007fffd1bb0000 - 0x00007fffd1d4f000 	C:\WINDOWS\System32\USER32.dll
0x00007fffd18f0000 - 0x00007fffd1912000 	C:\WINDOWS\System32\win32u.dll
0x00007fffb9040000 - 0x00007fffb92da000 	C:\WINDOWS\WinSxS\amd64_microsoft.windows.common-controls_6595b64144ccf1df_6.0.19041.4355_none_60b8b9eb71f62e16\COMCTL32.dll
0x00007fffd28d0000 - 0x00007fffd28fb000 	C:\WINDOWS\System32\GDI32.dll
0x00007fffd37c0000 - 0x00007fffd385e000 	C:\WINDOWS\System32\msvcrt.dll
0x00007fffd1080000 - 0x00007fffd1197000 	C:\WINDOWS\System32\gdi32full.dll
0x00007fffd15c0000 - 0x00007fffd165d000 	C:\WINDOWS\System32\msvcp_win.dll
0x00007fffd2900000 - 0x00007fffd292f000 	C:\WINDOWS\System32\IMM32.DLL
0x00007fffb8980000 - 0x00007fffb898c000 	D:\androidd\jbr\bin\vcruntime140_1.dll
0x00007fff941b0000 - 0x00007fff9423d000 	D:\androidd\jbr\bin\msvcp140.dll
0x00007fff89390000 - 0x00007fff8a013000 	D:\androidd\jbr\bin\server\jvm.dll
0x00007fffd38d0000 - 0x00007fffd3980000 	C:\WINDOWS\System32\ADVAPI32.dll
0x00007fffd2290000 - 0x00007fffd2330000 	C:\WINDOWS\System32\sechost.dll
0x00007fffd2cb0000 - 0x00007fffd2dd3000 	C:\WINDOWS\System32\RPCRT4.dll
0x00007fffd17c0000 - 0x00007fffd17e7000 	C:\WINDOWS\System32\bcrypt.dll
0x00007fffc7780000 - 0x00007fffc7789000 	C:\WINDOWS\SYSTEM32\WSOCK32.dll
0x00007fffd0920000 - 0x00007fffd096b000 	C:\WINDOWS\SYSTEM32\POWRPROF.dll
0x00007fffc8c40000 - 0x00007fffc8c4a000 	C:\WINDOWS\SYSTEM32\VERSION.dll
0x00007fffd3860000 - 0x00007fffd38cb000 	C:\WINDOWS\System32\WS2_32.dll
0x00007fffb9ba0000 - 0x00007fffb9bc7000 	C:\WINDOWS\SYSTEM32\WINMM.dll
0x00007fffd08d0000 - 0x00007fffd08e2000 	C:\WINDOWS\SYSTEM32\UMPDC.dll
0x00007fffcf830000 - 0x00007fffcf842000 	C:\WINDOWS\SYSTEM32\kernel.appcore.dll
0x00007fffcaff0000 - 0x00007fffcaffa000 	D:\androidd\jbr\bin\jimage.dll
0x00007fffceda0000 - 0x00007fffcef84000 	C:\WINDOWS\SYSTEM32\DBGHELP.DLL
0x00007fffb4410000 - 0x00007fffb4444000 	C:\WINDOWS\SYSTEM32\dbgcore.DLL
0x00007fffd1970000 - 0x00007fffd19f2000 	C:\WINDOWS\System32\bcryptPrimitives.dll
0x00007fffc2de0000 - 0x00007fffc2e05000 	D:\androidd\jbr\bin\java.dll

dbghelp: loaded successfully - version: 4.0.5 - missing functions: none
symbol engine: initialized successfully - sym options: 0x614 - pdb path: .;D:\androidd\jbr\bin;C:\WINDOWS\SYSTEM32;C:\WINDOWS\WinSxS\amd64_microsoft.windows.common-controls_6595b64144ccf1df_6.0.19041.4355_none_60b8b9eb71f62e16;D:\androidd\jbr\bin\server

VM Arguments:
java_command: git4idea.http.GitAskPassApp Username for 'https://github.com': 
java_class_path (initial): D:/androidd/plugins/vcs-git/lib/git4idea-rt.jar;D:/androidd/lib/externalProcess-rt.jar
Launcher Type: SUN_STANDARD

[Global flags]
     intx CICompilerCount                          = 4                                         {product} {ergonomic}
     uint ConcGCThreads                            = 2                                         {product} {ergonomic}
     uint G1ConcRefinementThreads                  = 8                                         {product} {ergonomic}
   size_t G1HeapRegionSize                         = 1048576                                   {product} {ergonomic}
    uintx GCDrainStackTargetSize                   = 64                                        {product} {ergonomic}
   size_t InitialHeapSize                          = 134217728                                 {product} {ergonomic}
   size_t MarkStackSize                            = 4194304                                   {product} {ergonomic}
   size_t MaxHeapSize                              = 2116026368                                {product} {ergonomic}
   size_t MinHeapDeltaBytes                        = 1048576                                   {product} {ergonomic}
   size_t MinHeapSize                              = 8388608                                   {product} {ergonomic}
    uintx NonNMethodCodeHeapSize                   = 5839372                                {pd product} {ergonomic}
    uintx NonProfiledCodeHeapSize                  = 122909434                              {pd product} {ergonomic}
    uintx ProfiledCodeHeapSize                     = 122909434                              {pd product} {ergonomic}
    uintx ReservedCodeCacheSize                    = 251658240                              {pd product} {ergonomic}
     bool SegmentedCodeCache                       = true                                      {product} {ergonomic}
   size_t SoftMaxHeapSize                          = 2116026368                             {manageable} {ergonomic}
     bool UseCompressedClassPointers               = true                           {product lp64_product} {ergonomic}
     bool UseCompressedOops                        = true                           {product lp64_product} {ergonomic}
     bool UseG1GC                                  = true                                      {product} {ergonomic}
     bool UseLargePagesIndividualAllocation        = false                                  {pd product} {ergonomic}

Logging:
Log output configuration:
 #0: stdout all=warning uptime,level,tags
 #1: stderr all=off uptime,level,tags

Environment Variables:
PATH=C:\Program Files\Git\mingw64\libexec\git-core;C:\Program Files\Git\mingw64\libexec\git-core;C:\Program Files\Git\mingw64\bin;C:\Program Files\Git\usr\bin;C:\Users\Администратор\bin;C:\Program Files (x86)\NVIDIA Corporation\PhysX\Common;C:\Program Files (x86)\Razer Chroma SDK\bin;C:\Program Files\Razer Chroma SDK\bin;C:\Program Files (x86)\Razer\ChromaBroadcast\bin;C:\Program Files\Razer\ChromaBroadcast\bin;C:\ProgramData\Oracle\Java\javapath;D:\CBuilder\vbroker\bin;C:\WINDOWS\system32\config\systemprofile\AppData\Local\Microsoft\WindowsApps;C:\Program Files\Microsoft SQL Server\150\Tools\Binn;C:\Program Files\Microsoft SQL Server\Client SDK\ODBC\170\Tools\Binn;D:\Windows Kits\10\Windows Performance Toolkit;C:\Users\Администратор\AppData\Local\Microsoft\WindowsApps;C:\Program Files\JetBrains\PyCharm Community Edition 2019.3\bin;C:\Users\Администратор\AppData\Local\Microsoft\WindowsApps;D:\works\WebStorm 2021.3\bin;C:\Users\Администратор\AppData\Local\JetBrains\Toolbox\scripts;D:\Intellij\IntelliJ IDEA Community Edition 2023.2.4\bin
USERNAME=Администратор
DISPLAY=:0.0
LC_ALL=en_US.UTF-8
TERM=xterm-256color
TMPDIR=C:\Users\836D~1\AppData\Local\Temp
OS=Windows_NT
PROCESSOR_IDENTIFIER=Intel64 Family 6 Model 158 Stepping 10, GenuineIntel
TMP=C:\Users\836D~1\AppData\Local\Temp
TEMP=C:\Users\836D~1\AppData\Local\Temp



Periodic native trim disabled

JNI global refs:
JNI global refs: 0, weak refs: 0

JNI global refs memory usage: 0, weak refs: 0

OOME stack traces (most recent first):
Classloader memory used:


---------------  S Y S T E M  ---------------

OS:
 Windows 10 , 64 bit Build 19041 (10.0.19041.4597)
OS uptime: 1 days 6:25 hours
Hyper-V role detected

CPU: total 8 (initial active 8) (4 cores per cpu, 2 threads per core) family 6 model 158 stepping 10 microcode 0xb4, cx8, cmov, fxsr, ht, mmx, 3dnowpref, sse, sse2, sse3, ssse3, sse4.1, sse4.2, popcnt, lzcnt, tsc, tscinvbit, avx, avx2, aes, erms, clmul, bmi1, bmi2, adx, fma, vzeroupper, clflush, clflushopt, hv
Processor Information for all 8 processors :
  Max Mhz: 2304, Current Mhz: 2304, Mhz Limit: 2304

Memory: 4k page, system-wide physical 8066M (509M free)
TotalPageFile size 14210M (AvailPageFile size 94M)
current process WorkingSet (physical memory assigned to process): 11M, peak: 11M
current process commit charge ("private bytes"): 60M, peak: 188M

vm_info: OpenJDK 64-Bit Server VM (17.0.10+0--11572160) for windows-amd64 JRE (17.0.10+0--11572160), built on Mar 13 2024 23:56:38 by "androidbuild" with MS VC++ 16.10 / 16.11 (VS2019)

END.
